Analysis & Synthesis report for mult_serial_32bits
Sun Apr 26 00:42:49 2015
Quartus II 64-Bit Version 13.0.1 Build 232 06/12/2013 Service Pack 1 SJ Web Edition


---------------------
; Table of Contents ;
---------------------
  1. Legal Notice
  2. Analysis & Synthesis Summary
  3. Analysis & Synthesis Settings
  4. Parallel Compilation
  5. Analysis & Synthesis Source Files Read
  6. Analysis & Synthesis Resource Usage Summary
  7. Analysis & Synthesis Resource Utilization by Entity
  8. State Machine - |mult_serial_32bits|mult_serial_32bits_fsm:FSM|curr_state
  9. Registers Removed During Synthesis
 10. Removed Registers Triggering Further Register Optimizations
 11. General Register Statistics
 12. Parameter Settings for User Entity Instance: reg_n_shifter:HI
 13. Parameter Settings for User Entity Instance: reg_n_shifter:LO
 14. Port Connectivity Checks: "mult_serial_32bits_fsm:FSM"
 15. Elapsed Time Per Partition
 16. Analysis & Synthesis Messages



----------------
; Legal Notice ;
----------------
Copyright (C) 1991-2013 Altera Corporation
Your use of Altera Corporation's design tools, logic functions 
and other software and tools, and its AMPP partner logic 
functions, and any output files from any of the foregoing 
(including device programming or simulation files), and any 
associated documentation or information are expressly subject 
to the terms and conditions of the Altera Program License 
Subscription Agreement, Altera MegaCore Function License 
Agreement, or other applicable license agreement, including, 
without limitation, that your use is for the sole purpose of 
programming logic devices manufactured by Altera and sold by 
Altera or its authorized distributors.  Please refer to the 
applicable agreement for further details.



+--------------------------------------------------------------------------------------+
; Analysis & Synthesis Summary                                                         ;
+------------------------------------+-------------------------------------------------+
; Analysis & Synthesis Status        ; Successful - Sun Apr 26 00:42:49 2015           ;
; Quartus II 64-Bit Version          ; 13.0.1 Build 232 06/12/2013 SP 1 SJ Web Edition ;
; Revision Name                      ; mult_serial_32bits                              ;
; Top-level Entity Name              ; mult_serial_32bits                              ;
; Family                             ; Cyclone II                                      ;
; Total logic elements               ; 0                                               ;
;     Total combinational functions  ; 0                                               ;
;     Dedicated logic registers      ; 0                                               ;
; Total registers                    ; 0                                               ;
; Total pins                         ; 130                                             ;
; Total virtual pins                 ; 0                                               ;
; Total memory bits                  ; 0                                               ;
; Embedded Multiplier 9-bit elements ; 0                                               ;
; Total PLLs                         ; 0                                               ;
+------------------------------------+-------------------------------------------------+


+----------------------------------------------------------------------------------------------------------------------+
; Analysis & Synthesis Settings                                                                                        ;
+----------------------------------------------------------------------------+--------------------+--------------------+
; Option                                                                     ; Setting            ; Default Value      ;
+----------------------------------------------------------------------------+--------------------+--------------------+
; Device                                                                     ; EP2C35F672C7       ;                    ;
; Top-level entity name                                                      ; mult_serial_32bits ; mult_serial_32bits ;
; Family name                                                                ; Cyclone II         ; Cyclone IV GX      ;
; Use smart compilation                                                      ; Off                ; Off                ;
; Enable parallel Assembler and TimeQuest Timing Analyzer during compilation ; On                 ; On                 ;
; Enable compact report table                                                ; Off                ; Off                ;
; Restructure Multiplexers                                                   ; Auto               ; Auto               ;
; Create Debugging Nodes for IP Cores                                        ; Off                ; Off                ;
; Preserve fewer node names                                                  ; On                 ; On                 ;
; Disable OpenCore Plus hardware evaluation                                  ; Off                ; Off                ;
; Verilog Version                                                            ; Verilog_2001       ; Verilog_2001       ;
; VHDL Version                                                               ; VHDL_1993          ; VHDL_1993          ;
; State Machine Processing                                                   ; Auto               ; Auto               ;
; Safe State Machine                                                         ; Off                ; Off                ;
; Extract Verilog State Machines                                             ; On                 ; On                 ;
; Extract VHDL State Machines                                                ; On                 ; On                 ;
; Ignore Verilog initial constructs                                          ; Off                ; Off                ;
; Iteration limit for constant Verilog loops                                 ; 5000               ; 5000               ;
; Iteration limit for non-constant Verilog loops                             ; 250                ; 250                ;
; Add Pass-Through Logic to Inferred RAMs                                    ; On                 ; On                 ;
; Infer RAMs from Raw Logic                                                  ; On                 ; On                 ;
; Parallel Synthesis                                                         ; On                 ; On                 ;
; DSP Block Balancing                                                        ; Auto               ; Auto               ;
; NOT Gate Push-Back                                                         ; On                 ; On                 ;
; Power-Up Don't Care                                                        ; On                 ; On                 ;
; Remove Redundant Logic Cells                                               ; Off                ; Off                ;
; Remove Duplicate Registers                                                 ; On                 ; On                 ;
; Ignore CARRY Buffers                                                       ; Off                ; Off                ;
; Ignore CASCADE Buffers                                                     ; Off                ; Off                ;
; Ignore GLOBAL Buffers                                                      ; Off                ; Off                ;
; Ignore ROW GLOBAL Buffers                                                  ; Off                ; Off                ;
; Ignore LCELL Buffers                                                       ; Off                ; Off                ;
; Ignore SOFT Buffers                                                        ; On                 ; On                 ;
; Limit AHDL Integers to 32 Bits                                             ; Off                ; Off                ;
; Optimization Technique                                                     ; Balanced           ; Balanced           ;
; Carry Chain Length                                                         ; 70                 ; 70                 ;
; Auto Carry Chains                                                          ; On                 ; On                 ;
; Auto Open-Drain Pins                                                       ; On                 ; On                 ;
; Perform WYSIWYG Primitive Resynthesis                                      ; Off                ; Off                ;
; Auto ROM Replacement                                                       ; On                 ; On                 ;
; Auto RAM Replacement                                                       ; On                 ; On                 ;
; Auto Shift Register Replacement                                            ; Auto               ; Auto               ;
; Allow Shift Register Merging across Hierarchies                            ; Auto               ; Auto               ;
; Auto Clock Enable Replacement                                              ; On                 ; On                 ;
; Strict RAM Replacement                                                     ; Off                ; Off                ;
; Allow Synchronous Control Signals                                          ; On                 ; On                 ;
; Force Use of Synchronous Clear Signals                                     ; Off                ; Off                ;
; Auto RAM to Logic Cell Conversion                                          ; Off                ; Off                ;
; Auto Resource Sharing                                                      ; Off                ; Off                ;
; Allow Any RAM Size For Recognition                                         ; Off                ; Off                ;
; Allow Any ROM Size For Recognition                                         ; Off                ; Off                ;
; Allow Any Shift Register Size For Recognition                              ; Off                ; Off                ;
; Use LogicLock Constraints during Resource Balancing                        ; On                 ; On                 ;
; Ignore translate_off and synthesis_off directives                          ; Off                ; Off                ;
; Timing-Driven Synthesis                                                    ; Off                ; Off                ;
; Report Parameter Settings                                                  ; On                 ; On                 ;
; Report Source Assignments                                                  ; On                 ; On                 ;
; Report Connectivity Checks                                                 ; On                 ; On                 ;
; Ignore Maximum Fan-Out Assignments                                         ; Off                ; Off                ;
; Synchronization Register Chain Length                                      ; 2                  ; 2                  ;
; PowerPlay Power Optimization                                               ; Normal compilation ; Normal compilation ;
; HDL message level                                                          ; Level2             ; Level2             ;
; Suppress Register Optimization Related Messages                            ; Off                ; Off                ;
; Number of Removed Registers Reported in Synthesis Report                   ; 5000               ; 5000               ;
; Number of Swept Nodes Reported in Synthesis Report                         ; 5000               ; 5000               ;
; Number of Inverted Registers Reported in Synthesis Report                  ; 100                ; 100                ;
; Clock MUX Protection                                                       ; On                 ; On                 ;
; Auto Gated Clock Conversion                                                ; Off                ; Off                ;
; Block Design Naming                                                        ; Auto               ; Auto               ;
; SDC constraint protection                                                  ; Off                ; Off                ;
; Synthesis Effort                                                           ; Auto               ; Auto               ;
; Shift Register Replacement - Allow Asynchronous Clear Signal               ; On                 ; On                 ;
; Pre-Mapping Resynthesis Optimization                                       ; Off                ; Off                ;
; Analysis & Synthesis Message Level                                         ; Medium             ; Medium             ;
; Disable Register Merging Across Hierarchies                                ; Auto               ; Auto               ;
; Resource Aware Inference For Block RAM                                     ; On                 ; On                 ;
; Synthesis Seed                                                             ; 1                  ; 1                  ;
+----------------------------------------------------------------------------+--------------------+--------------------+


Parallel compilation was disabled, but you have multiple processors available. Enable parallel compilation to reduce compilation time.
+-------------------------------------+
; Parallel Compilation                ;
+----------------------------+--------+
; Processors                 ; Number ;
+----------------------------+--------+
; Number detected on machine ; 4      ;
; Maximum allowed            ; 1      ;
+----------------------------+--------+


+---------------------------------------------------------------------------------------------------------------------------------+
; Analysis & Synthesis Source Files Read                                                                                          ;
+----------------------------------+-----------------+-----------------+------------------------------------------------+---------+
; File Name with User-Entered Path ; Used in Netlist ; File Type       ; File Name with Absolute Path                   ; Library ;
+----------------------------------+-----------------+-----------------+------------------------------------------------+---------+
; mult_serial_32bits.vhd           ; yes             ; User VHDL File  ; C:/Vhdl/Exercicio 2/mult_serial_32bits.vhd     ;         ;
; reg_n_shifter.vhd                ; yes             ; User VHDL File  ; C:/Vhdl/Exercicio 2/reg_n_shifter.vhd          ;         ;
; mult_serial_32bits_fsm.vhd       ; yes             ; User VHDL File  ; C:/Vhdl/Exercicio 2/mult_serial_32bits_fsm.vhd ;         ;
+----------------------------------+-----------------+-----------------+------------------------------------------------+---------+


+-----------------------------------------------------+
; Analysis & Synthesis Resource Usage Summary         ;
+---------------------------------------------+-------+
; Resource                                    ; Usage ;
+---------------------------------------------+-------+
;                                             ;       ;
; Total combinational functions               ; 0     ;
; Logic element usage by number of LUT inputs ;       ;
;     -- 4 input functions                    ; 0     ;
;     -- 3 input functions                    ; 0     ;
;     -- <=2 input functions                  ; 0     ;
;                                             ;       ;
; Logic elements by mode                      ;       ;
;     -- normal mode                          ; 0     ;
;     -- arithmetic mode                      ; 0     ;
;                                             ;       ;
; Total registers                             ; 0     ;
;     -- Dedicated logic registers            ; 0     ;
;     -- I/O registers                        ; 0     ;
;                                             ;       ;
; I/O pins                                    ; 130   ;
; Embedded Multiplier 9-bit elements          ; 0     ;
+---------------------------------------------+-------+


+-----------------------------------------------------------------------------------------------------------------------------------------------------------------------------+
; Analysis & Synthesis Resource Utilization by Entity                                                                                                                         ;
+----------------------------+-------------------+--------------+-------------+--------------+---------+-----------+------+--------------+---------------------+--------------+
; Compilation Hierarchy Node ; LC Combinationals ; LC Registers ; Memory Bits ; DSP Elements ; DSP 9x9 ; DSP 18x18 ; Pins ; Virtual Pins ; Full Hierarchy Name ; Library Name ;
+----------------------------+-------------------+--------------+-------------+--------------+---------+-----------+------+--------------+---------------------+--------------+
; |mult_serial_32bits        ; 0 (0)             ; 0 (0)        ; 0           ; 0            ; 0       ; 0         ; 130  ; 0            ; |mult_serial_32bits ; work         ;
+----------------------------+-------------------+--------------+-------------+--------------+---------+-----------+------+--------------+---------------------+--------------+
Note: For table entries with two numbers listed, the numbers in parentheses indicate the number of resources of the given type used by the specific entity alone. The numbers listed outside of parentheses indicate the total resources of the given type used by the specific entity and all of its sub-entities in the hierarchy.


Encoding Type:  One-Hot
+-------------------------------------------------------------------------------+
; State Machine - |mult_serial_32bits|mult_serial_32bits_fsm:FSM|curr_state     ;
+---------------+---------------+---------------+---------------+---------------+
; Name          ; curr_state.S3 ; curr_state.S2 ; curr_state.S1 ; curr_state.S0 ;
+---------------+---------------+---------------+---------------+---------------+
; curr_state.S0 ; 0             ; 0             ; 0             ; 0             ;
; curr_state.S1 ; 0             ; 0             ; 1             ; 1             ;
; curr_state.S2 ; 0             ; 1             ; 0             ; 1             ;
; curr_state.S3 ; 1             ; 0             ; 0             ; 1             ;
+---------------+---------------+---------------+---------------+---------------+


+----------------------------------------------------------------------------------------+
; Registers Removed During Synthesis                                                     ;
+------------------------------------------+---------------------------------------------+
; Register name                            ; Reason for Removal                          ;
+------------------------------------------+---------------------------------------------+
; mult_serial_32bits_fsm:FSM|is_active     ; Stuck at GND due to stuck port clock        ;
; reg_n_shifter:LO|internal_Q[0..31]       ; Stuck at GND due to stuck port clock_enable ;
; reg_n_shifter:HI|internal_Q[0..31]       ; Stuck at GND due to stuck port clock_enable ;
; mux_sel                                  ; Lost fanout                                 ;
; reg_n_shifter:LO|bout                    ; Lost fanout                                 ;
; reg_n_shifter:HI|bout                    ; Lost fanout                                 ;
; mult_serial_32bits_fsm:FSM|curr_state.S0 ; Lost fanout                                 ;
; mult_serial_32bits_fsm:FSM|curr_state.S1 ; Lost fanout                                 ;
; mult_serial_32bits_fsm:FSM|curr_state.S2 ; Lost fanout                                 ;
; mult_serial_32bits_fsm:FSM|curr_state.S3 ; Lost fanout                                 ;
; Total Number of Removed Registers = 72   ;                                             ;
+------------------------------------------+---------------------------------------------+


+------------------------------------------------------------------------------------------------------------------------------------+
; Removed Registers Triggering Further Register Optimizations                                                                        ;
+--------------------------------------+-------------------------+-------------------------------------------------------------------+
; Register name                        ; Reason for Removal      ; Registers Removed due to This Register                            ;
+--------------------------------------+-------------------------+-------------------------------------------------------------------+
; mult_serial_32bits_fsm:FSM|is_active ; Stuck at GND            ; reg_n_shifter:LO|internal_Q[1], reg_n_shifter:LO|internal_Q[2],   ;
;                                      ; due to stuck port clock ; reg_n_shifter:LO|internal_Q[3], reg_n_shifter:LO|internal_Q[4],   ;
;                                      ;                         ; reg_n_shifter:LO|internal_Q[5], reg_n_shifter:LO|internal_Q[6],   ;
;                                      ;                         ; reg_n_shifter:LO|internal_Q[7], reg_n_shifter:LO|internal_Q[8],   ;
;                                      ;                         ; reg_n_shifter:LO|internal_Q[9], reg_n_shifter:LO|internal_Q[10],  ;
;                                      ;                         ; reg_n_shifter:LO|internal_Q[11], reg_n_shifter:LO|internal_Q[12], ;
;                                      ;                         ; reg_n_shifter:LO|internal_Q[13], reg_n_shifter:LO|internal_Q[14], ;
;                                      ;                         ; reg_n_shifter:LO|internal_Q[15], reg_n_shifter:LO|internal_Q[16], ;
;                                      ;                         ; reg_n_shifter:LO|internal_Q[17], reg_n_shifter:LO|internal_Q[18], ;
;                                      ;                         ; reg_n_shifter:LO|internal_Q[19], reg_n_shifter:LO|internal_Q[20], ;
;                                      ;                         ; reg_n_shifter:LO|internal_Q[21], reg_n_shifter:LO|internal_Q[22], ;
;                                      ;                         ; reg_n_shifter:LO|internal_Q[23], reg_n_shifter:LO|internal_Q[24], ;
;                                      ;                         ; reg_n_shifter:LO|internal_Q[25], reg_n_shifter:LO|internal_Q[26], ;
;                                      ;                         ; reg_n_shifter:LO|internal_Q[27], reg_n_shifter:LO|internal_Q[28], ;
;                                      ;                         ; reg_n_shifter:LO|internal_Q[29], reg_n_shifter:LO|internal_Q[30], ;
;                                      ;                         ; reg_n_shifter:LO|internal_Q[31], reg_n_shifter:HI|internal_Q[0],  ;
;                                      ;                         ; reg_n_shifter:HI|internal_Q[1], reg_n_shifter:HI|internal_Q[2],   ;
;                                      ;                         ; reg_n_shifter:HI|internal_Q[3], reg_n_shifter:HI|internal_Q[4],   ;
;                                      ;                         ; reg_n_shifter:HI|internal_Q[5], reg_n_shifter:HI|internal_Q[6],   ;
;                                      ;                         ; reg_n_shifter:HI|internal_Q[7], reg_n_shifter:HI|internal_Q[8],   ;
;                                      ;                         ; reg_n_shifter:HI|internal_Q[9], reg_n_shifter:HI|internal_Q[10],  ;
;                                      ;                         ; reg_n_shifter:HI|internal_Q[11], reg_n_shifter:HI|internal_Q[12], ;
;                                      ;                         ; reg_n_shifter:HI|internal_Q[13], reg_n_shifter:HI|internal_Q[14], ;
;                                      ;                         ; reg_n_shifter:HI|internal_Q[15], reg_n_shifter:HI|internal_Q[16], ;
;                                      ;                         ; reg_n_shifter:HI|internal_Q[17], reg_n_shifter:HI|internal_Q[18], ;
;                                      ;                         ; reg_n_shifter:HI|internal_Q[19], reg_n_shifter:HI|internal_Q[20], ;
;                                      ;                         ; reg_n_shifter:HI|internal_Q[21], reg_n_shifter:HI|internal_Q[22], ;
;                                      ;                         ; reg_n_shifter:HI|internal_Q[23], reg_n_shifter:HI|internal_Q[24], ;
;                                      ;                         ; reg_n_shifter:HI|internal_Q[25], reg_n_shifter:HI|internal_Q[26], ;
;                                      ;                         ; reg_n_shifter:HI|internal_Q[27], reg_n_shifter:HI|internal_Q[28], ;
;                                      ;                         ; reg_n_shifter:HI|internal_Q[29], reg_n_shifter:HI|internal_Q[30], ;
;                                      ;                         ; reg_n_shifter:HI|internal_Q[31]                                   ;
; mux_sel                              ; Lost Fanouts            ; reg_n_shifter:LO|bout                                             ;
+--------------------------------------+-------------------------+-------------------------------------------------------------------+


+------------------------------------------------------+
; General Register Statistics                          ;
+----------------------------------------------+-------+
; Statistic                                    ; Value ;
+----------------------------------------------+-------+
; Total registers                              ; 0     ;
; Number of registers using Synchronous Clear  ; 0     ;
; Number of registers using Synchronous Load   ; 0     ;
; Number of registers using Asynchronous Clear ; 0     ;
; Number of registers using Asynchronous Load  ; 0     ;
; Number of registers using Clock Enable       ; 0     ;
; Number of registers using Preset             ; 0     ;
+----------------------------------------------+-------+


+---------------------------------------------------------------+
; Parameter Settings for User Entity Instance: reg_n_shifter:HI ;
+----------------+-------+--------------------------------------+
; Parameter Name ; Value ; Type                                 ;
+----------------+-------+--------------------------------------+
; n              ; 32    ; Signed Integer                       ;
+----------------+-------+--------------------------------------+
Note: In order to hide this table in the UI and the text report file, please set the "Show Parameter Settings in Synthesis Report" option in "Analysis and Synthesis Settings -> More Settings" to "Off".


+---------------------------------------------------------------+
; Parameter Settings for User Entity Instance: reg_n_shifter:LO ;
+----------------+-------+--------------------------------------+
; Parameter Name ; Value ; Type                                 ;
+----------------+-------+--------------------------------------+
; n              ; 32    ; Signed Integer                       ;
+----------------+-------+--------------------------------------+
Note: In order to hide this table in the UI and the text report file, please set the "Show Parameter Settings in Synthesis Report" option in "Analysis and Synthesis Settings -> More Settings" to "Off".


+--------------------------------------------------------------------------------------------------------------------------------------------------------------------------+
; Port Connectivity Checks: "mult_serial_32bits_fsm:FSM"                                                                                                                   ;
+-------+--------+----------+----------------------------------------------------------------------------------------------------------------------------------------------+
; Port  ; Type   ; Severity ; Details                                                                                                                                      ;
+-------+--------+----------+----------------------------------------------------------------------------------------------------------------------------------------------+
; start ; Input  ; Warning  ; Declared by entity but not connected by instance. If a default value exists, it will be used.  Otherwise, the port will be connected to GND. ;
; ready ; Output ; Warning  ; Declared by entity but not connected by instance. Logic that only feeds a dangling port will be removed.                                     ;
+-------+--------+----------+----------------------------------------------------------------------------------------------------------------------------------------------+


+-------------------------------+
; Elapsed Time Per Partition    ;
+----------------+--------------+
; Partition Name ; Elapsed Time ;
+----------------+--------------+
; Top            ; 00:00:00     ;
+----------------+--------------+


+-------------------------------+
; Analysis & Synthesis Messages ;
+-------------------------------+
Info: *******************************************************************
Info: Running Quartus II 64-Bit Analysis & Synthesis
    Info: Version 13.0.1 Build 232 06/12/2013 Service Pack 1 SJ Web Edition
    Info: Processing started: Sun Apr 26 00:42:47 2015
Info: Command: quartus_map --read_settings_files=on --write_settings_files=off mult_serial_32bits -c mult_serial_32bits
Warning (20028): Parallel compilation is not licensed and has been disabled
Info (12021): Found 2 design units, including 1 entities, in source file mult_serial_32bits.vhd
    Info (12022): Found design unit 1: mult_serial_32bits-rtl
    Info (12023): Found entity 1: mult_serial_32bits
Info (12021): Found 2 design units, including 1 entities, in source file reg_n_shifter.vhd
    Info (12022): Found design unit 1: reg_n_shifter-RTL
    Info (12023): Found entity 1: reg_n_shifter
Info (12021): Found 2 design units, including 1 entities, in source file mult_serial_32bits_fsm.vhd
    Info (12022): Found design unit 1: mult_serial_32bits_fsm-fsm
    Info (12023): Found entity 1: mult_serial_32bits_fsm
Info (12127): Elaborating entity "mult_serial_32bits" for the top level hierarchy
Info (12128): Elaborating entity "reg_n_shifter" for hierarchy "reg_n_shifter:HI"
Info (12128): Elaborating entity "mult_serial_32bits_fsm" for hierarchy "mult_serial_32bits_fsm:FSM"
Warning (10492): VHDL Process Statement warning at mult_serial_32bits_fsm.vhd(68): signal "counter" is read inside the Process Statement but isn't in the Process Statement's sensitivity list
Warning (10492): VHDL Process Statement warning at mult_serial_32bits_fsm.vhd(75): signal "counter" is read inside the Process Statement but isn't in the Process Statement's sensitivity list
Warning (10631): VHDL Process Statement warning at mult_serial_32bits_fsm.vhd(50): inferring latch(es) for signal or variable "enableh", which holds its previous value in one or more paths through the process
Warning (10631): VHDL Process Statement warning at mult_serial_32bits_fsm.vhd(50): inferring latch(es) for signal or variable "enablel", which holds its previous value in one or more paths through the process
Warning (10631): VHDL Process Statement warning at mult_serial_32bits_fsm.vhd(50): inferring latch(es) for signal or variable "shifth", which holds its previous value in one or more paths through the process
Warning (10631): VHDL Process Statement warning at mult_serial_32bits_fsm.vhd(50): inferring latch(es) for signal or variable "shiftl", which holds its previous value in one or more paths through the process
Warning (10631): VHDL Process Statement warning at mult_serial_32bits_fsm.vhd(50): inferring latch(es) for signal or variable "counter", which holds its previous value in one or more paths through the process
Warning (10631): VHDL Process Statement warning at mult_serial_32bits_fsm.vhd(50): inferring latch(es) for signal or variable "next_state", which holds its previous value in one or more paths through the process
Info (10041): Inferred latch for "next_state.S3" at mult_serial_32bits_fsm.vhd(50)
Info (10041): Inferred latch for "next_state.S2" at mult_serial_32bits_fsm.vhd(50)
Info (10041): Inferred latch for "next_state.S1" at mult_serial_32bits_fsm.vhd(50)
Info (10041): Inferred latch for "next_state.S0" at mult_serial_32bits_fsm.vhd(50)
Info (10041): Inferred latch for "counter[0]" at mult_serial_32bits_fsm.vhd(50)
Info (10041): Inferred latch for "counter[1]" at mult_serial_32bits_fsm.vhd(50)
Info (10041): Inferred latch for "counter[2]" at mult_serial_32bits_fsm.vhd(50)
Info (10041): Inferred latch for "counter[3]" at mult_serial_32bits_fsm.vhd(50)
Info (10041): Inferred latch for "counter[4]" at mult_serial_32bits_fsm.vhd(50)
Info (10041): Inferred latch for "counter[5]" at mult_serial_32bits_fsm.vhd(50)
Info (10041): Inferred latch for "shiftl" at mult_serial_32bits_fsm.vhd(50)
Info (10041): Inferred latch for "shifth" at mult_serial_32bits_fsm.vhd(50)
Info (10041): Inferred latch for "enablel" at mult_serial_32bits_fsm.vhd(50)
Info (10041): Inferred latch for "enableh" at mult_serial_32bits_fsm.vhd(50)
Warning (14025): LATCH primitive "mult_serial_32bits_fsm:FSM|counter[1]" is permanently disabled
Warning (14025): LATCH primitive "mult_serial_32bits_fsm:FSM|counter[2]" is permanently disabled
Warning (14025): LATCH primitive "mult_serial_32bits_fsm:FSM|counter[3]" is permanently disabled
Warning (14025): LATCH primitive "mult_serial_32bits_fsm:FSM|counter[4]" is permanently disabled
Warning (14025): LATCH primitive "mult_serial_32bits_fsm:FSM|counter[5]" is permanently disabled
Warning (14025): LATCH primitive "mult_serial_32bits_fsm:FSM|next_state.S3_118" is permanently disabled
Warning (14025): LATCH primitive "mult_serial_32bits_fsm:FSM|counter[0]" is permanently disabled
Warning (14025): LATCH primitive "mult_serial_32bits_fsm:FSM|shiftl" is permanently disabled
Warning (14025): LATCH primitive "mult_serial_32bits_fsm:FSM|shifth" is permanently disabled
Warning (14025): LATCH primitive "mult_serial_32bits_fsm:FSM|enablel" is permanently disabled
Warning (14025): LATCH primitive "mult_serial_32bits_fsm:FSM|enableh" is permanently disabled
Warning (12241): 1 hierarchies have connectivity warnings - see the Connectivity Checks report folder
Warning (13024): Output pins are stuck at VCC or GND
    Warning (13410): Pin "pp[0]" is stuck at GND
    Warning (13410): Pin "pp[1]" is stuck at GND
    Warning (13410): Pin "pp[2]" is stuck at GND
    Warning (13410): Pin "pp[3]" is stuck at GND
    Warning (13410): Pin "pp[4]" is stuck at GND
    Warning (13410): Pin "pp[5]" is stuck at GND
    Warning (13410): Pin "pp[6]" is stuck at GND
    Warning (13410): Pin "pp[7]" is stuck at GND
    Warning (13410): Pin "pp[8]" is stuck at GND
    Warning (13410): Pin "pp[9]" is stuck at GND
    Warning (13410): Pin "pp[10]" is stuck at GND
    Warning (13410): Pin "pp[11]" is stuck at GND
    Warning (13410): Pin "pp[12]" is stuck at GND
    Warning (13410): Pin "pp[13]" is stuck at GND
    Warning (13410): Pin "pp[14]" is stuck at GND
    Warning (13410): Pin "pp[15]" is stuck at GND
    Warning (13410): Pin "pp[16]" is stuck at GND
    Warning (13410): Pin "pp[17]" is stuck at GND
    Warning (13410): Pin "pp[18]" is stuck at GND
    Warning (13410): Pin "pp[19]" is stuck at GND
    Warning (13410): Pin "pp[20]" is stuck at GND
    Warning (13410): Pin "pp[21]" is stuck at GND
    Warning (13410): Pin "pp[22]" is stuck at GND
    Warning (13410): Pin "pp[23]" is stuck at GND
    Warning (13410): Pin "pp[24]" is stuck at GND
    Warning (13410): Pin "pp[25]" is stuck at GND
    Warning (13410): Pin "pp[26]" is stuck at GND
    Warning (13410): Pin "pp[27]" is stuck at GND
    Warning (13410): Pin "pp[28]" is stuck at GND
    Warning (13410): Pin "pp[29]" is stuck at GND
    Warning (13410): Pin "pp[30]" is stuck at GND
    Warning (13410): Pin "pp[31]" is stuck at GND
    Warning (13410): Pin "pp[32]" is stuck at GND
    Warning (13410): Pin "pp[33]" is stuck at GND
    Warning (13410): Pin "pp[34]" is stuck at GND
    Warning (13410): Pin "pp[35]" is stuck at GND
    Warning (13410): Pin "pp[36]" is stuck at GND
    Warning (13410): Pin "pp[37]" is stuck at GND
    Warning (13410): Pin "pp[38]" is stuck at GND
    Warning (13410): Pin "pp[39]" is stuck at GND
    Warning (13410): Pin "pp[40]" is stuck at GND
    Warning (13410): Pin "pp[41]" is stuck at GND
    Warning (13410): Pin "pp[42]" is stuck at GND
    Warning (13410): Pin "pp[43]" is stuck at GND
    Warning (13410): Pin "pp[44]" is stuck at GND
    Warning (13410): Pin "pp[45]" is stuck at GND
    Warning (13410): Pin "pp[46]" is stuck at GND
    Warning (13410): Pin "pp[47]" is stuck at GND
    Warning (13410): Pin "pp[48]" is stuck at GND
    Warning (13410): Pin "pp[49]" is stuck at GND
    Warning (13410): Pin "pp[50]" is stuck at GND
    Warning (13410): Pin "pp[51]" is stuck at GND
    Warning (13410): Pin "pp[52]" is stuck at GND
    Warning (13410): Pin "pp[53]" is stuck at GND
    Warning (13410): Pin "pp[54]" is stuck at GND
    Warning (13410): Pin "pp[55]" is stuck at GND
    Warning (13410): Pin "pp[56]" is stuck at GND
    Warning (13410): Pin "pp[57]" is stuck at GND
    Warning (13410): Pin "pp[58]" is stuck at GND
    Warning (13410): Pin "pp[59]" is stuck at GND
    Warning (13410): Pin "pp[60]" is stuck at GND
    Warning (13410): Pin "pp[61]" is stuck at GND
    Warning (13410): Pin "pp[62]" is stuck at GND
    Warning (13410): Pin "pp[63]" is stuck at GND
Info (17049): 7 registers lost all their fanouts during netlist optimizations.
Info (16010): Generating hard_block partition "hard_block:auto_generated_inst"
    Info (16011): Adding 0 node(s), including 0 DDIO, 0 PLL, 0 transceiver and 0 LCELL
Warning (21074): Design contains 66 input pin(s) that do not drive logic
    Warning (15610): No output dependent on input pin "mr[0]"
    Warning (15610): No output dependent on input pin "mr[1]"
    Warning (15610): No output dependent on input pin "mr[2]"
    Warning (15610): No output dependent on input pin "mr[3]"
    Warning (15610): No output dependent on input pin "mr[4]"
    Warning (15610): No output dependent on input pin "mr[5]"
    Warning (15610): No output dependent on input pin "mr[6]"
    Warning (15610): No output dependent on input pin "mr[7]"
    Warning (15610): No output dependent on input pin "mr[8]"
    Warning (15610): No output dependent on input pin "mr[9]"
    Warning (15610): No output dependent on input pin "mr[10]"
    Warning (15610): No output dependent on input pin "mr[11]"
    Warning (15610): No output dependent on input pin "mr[12]"
    Warning (15610): No output dependent on input pin "mr[13]"
    Warning (15610): No output dependent on input pin "mr[14]"
    Warning (15610): No output dependent on input pin "mr[15]"
    Warning (15610): No output dependent on input pin "mr[16]"
    Warning (15610): No output dependent on input pin "mr[17]"
    Warning (15610): No output dependent on input pin "mr[18]"
    Warning (15610): No output dependent on input pin "mr[19]"
    Warning (15610): No output dependent on input pin "mr[20]"
    Warning (15610): No output dependent on input pin "mr[21]"
    Warning (15610): No output dependent on input pin "mr[22]"
    Warning (15610): No output dependent on input pin "mr[23]"
    Warning (15610): No output dependent on input pin "mr[24]"
    Warning (15610): No output dependent on input pin "mr[25]"
    Warning (15610): No output dependent on input pin "mr[26]"
    Warning (15610): No output dependent on input pin "mr[27]"
    Warning (15610): No output dependent on input pin "mr[28]"
    Warning (15610): No output dependent on input pin "mr[29]"
    Warning (15610): No output dependent on input pin "mr[30]"
    Warning (15610): No output dependent on input pin "mr[31]"
    Warning (15610): No output dependent on input pin "md[0]"
    Warning (15610): No output dependent on input pin "md[1]"
    Warning (15610): No output dependent on input pin "md[2]"
    Warning (15610): No output dependent on input pin "md[3]"
    Warning (15610): No output dependent on input pin "md[4]"
    Warning (15610): No output dependent on input pin "md[5]"
    Warning (15610): No output dependent on input pin "md[6]"
    Warning (15610): No output dependent on input pin "md[7]"
    Warning (15610): No output dependent on input pin "md[8]"
    Warning (15610): No output dependent on input pin "md[9]"
    Warning (15610): No output dependent on input pin "md[10]"
    Warning (15610): No output dependent on input pin "md[11]"
    Warning (15610): No output dependent on input pin "md[12]"
    Warning (15610): No output dependent on input pin "md[13]"
    Warning (15610): No output dependent on input pin "md[14]"
    Warning (15610): No output dependent on input pin "md[15]"
    Warning (15610): No output dependent on input pin "md[16]"
    Warning (15610): No output dependent on input pin "md[17]"
    Warning (15610): No output dependent on input pin "md[18]"
    Warning (15610): No output dependent on input pin "md[19]"
    Warning (15610): No output dependent on input pin "md[20]"
    Warning (15610): No output dependent on input pin "md[21]"
    Warning (15610): No output dependent on input pin "md[22]"
    Warning (15610): No output dependent on input pin "md[23]"
    Warning (15610): No output dependent on input pin "md[24]"
    Warning (15610): No output dependent on input pin "md[25]"
    Warning (15610): No output dependent on input pin "md[26]"
    Warning (15610): No output dependent on input pin "md[27]"
    Warning (15610): No output dependent on input pin "md[28]"
    Warning (15610): No output dependent on input pin "md[29]"
    Warning (15610): No output dependent on input pin "md[30]"
    Warning (15610): No output dependent on input pin "md[31]"
    Warning (15610): No output dependent on input pin "clk"
    Warning (15610): No output dependent on input pin "reset"
Info (21057): Implemented 130 device resources after synthesis - the final resource count might be different
    Info (21058): Implemented 66 input pins
    Info (21059): Implemented 64 output pins
Info: Quartus II 64-Bit Analysis & Synthesis was successful. 0 errors, 153 warnings
    Info: Peak virtual memory: 480 megabytes
    Info: Processing ended: Sun Apr 26 00:42:49 2015
    Info: Elapsed time: 00:00:02
    Info: Total CPU time (on all processors): 00:00:02


